2025-01-07T06:50:00.009Z [INFO]: Starting synchronization process...
2025-01-07T06:50:00.010Z [INFO]: Connecting to FTP server...
2025-01-07T06:50:00.026Z [INFO]: Connected to FTP server: 51.75.181.181
2025-01-07T06:50:00.026Z [INFO]: Fetching file details from remote directory: /
2025-01-07T06:50:00.031Z [INFO]: Found 174 valid files in /
2025-01-07T06:50:00.031Z [INFO]: FTP connection closed.
2025-01-07T06:50:00.203Z [INFO]: Synchronization process completed successfully.
2025-01-07T06:51:47.893Z [INFO]: Loaded external configuration:
2025-01-07T06:51:47.894Z [INFO]: HOST: 51.75.181.181
2025-01-07T06:51:47.894Z [INFO]: USER: web
2025-01-07T06:51:47.894Z [INFO]: PASSWORD: ********
2025-01-07T06:51:47.894Z [INFO]: PORT: 21
2025-01-07T06:51:47.894Z [INFO]: SECURE: true
2025-01-07T06:51:47.894Z [INFO]: SECRET_KEY: ********
2025-01-07T06:51:47.895Z [INFO]: REMOTE_PATH: /
2025-01-07T06:51:47.895Z [INFO]: LOG_PATH: /home/mgbi/Documents/ftp_tracker/logs
2025-01-07T06:51:47.895Z [INFO]: MAIL_CONFIG: {
  "host": "ssl0.ovh.net",
  "port": 465,
  "secure": true,
  "user": "noreply@groupe-qlm.com",
  "pass": "N0r3pl@Y@CHT",
  "from": "noreply@groupe-qlm.com"
}
2025-01-07T06:51:48.746Z [INFO]: All processes completed successfully.
2025-01-07T07:00:00.251Z [INFO]: Starting synchronization process...
2025-01-07T07:00:00.251Z [INFO]: Connecting to FTP server...
2025-01-07T07:00:00.266Z [INFO]: Connected to FTP server: 51.75.181.181
2025-01-07T07:00:00.266Z [INFO]: Fetching file details from remote directory: /
2025-01-07T07:00:00.271Z [INFO]: Found 174 valid files in /
2025-01-07T07:00:00.271Z [INFO]: FTP connection closed.
2025-01-07T07:00:00.481Z [INFO]: Synchronization process completed successfully.
2025-01-07T07:10:00.494Z [INFO]: Starting synchronization process...
2025-01-07T07:10:00.495Z [INFO]: Connecting to FTP server...
2025-01-07T07:10:00.510Z [INFO]: Connected to FTP server: 51.75.181.181
2025-01-07T07:10:00.510Z [INFO]: Fetching file details from remote directory: /
2025-01-07T07:10:00.515Z [INFO]: Found 174 valid files in /
2025-01-07T07:10:00.515Z [INFO]: FTP connection closed.
2025-01-07T07:10:00.719Z [INFO]: Synchronization process completed successfully.
2025-01-07T07:20:00.748Z [INFO]: Starting synchronization process...
2025-01-07T07:20:00.748Z [INFO]: Connecting to FTP server...
2025-01-07T07:20:00.763Z [INFO]: Connected to FTP server: 51.75.181.181
2025-01-07T07:20:00.763Z [INFO]: Fetching file details from remote directory: /
2025-01-07T07:20:00.771Z [INFO]: Found 174 valid files in /
2025-01-07T07:20:00.771Z [INFO]: FTP connection closed.
2025-01-07T07:20:00.982Z [INFO]: Synchronization process completed successfully.
2025-01-07T07:30:00.037Z [INFO]: Starting synchronization process...
2025-01-07T07:30:00.037Z [INFO]: Connecting to FTP server...
2025-01-07T07:30:00.053Z [INFO]: Connected to FTP server: 51.75.181.181
2025-01-07T07:30:00.053Z [INFO]: Fetching file details from remote directory: /
2025-01-07T07:30:00.060Z [INFO]: Found 174 valid files in /
2025-01-07T07:30:00.061Z [INFO]: FTP connection closed.
2025-01-07T07:30:00.419Z [INFO]: Synchronization process completed successfully.
2025-01-07T07:40:00.328Z [INFO]: Starting synchronization process...
2025-01-07T07:40:00.328Z [INFO]: Connecting to FTP server...
2025-01-07T07:40:00.344Z [INFO]: Connected to FTP server: 51.75.181.181
2025-01-07T07:40:00.344Z [INFO]: Fetching file details from remote directory: /
2025-01-07T07:40:00.349Z [INFO]: Found 174 valid files in /
2025-01-07T07:40:00.349Z [INFO]: FTP connection closed.
2025-01-07T07:40:00.568Z [INFO]: Synchronization process completed successfully.
2025-01-07T07:50:00.544Z [INFO]: Starting synchronization process...
2025-01-07T07:50:00.544Z [INFO]: Connecting to FTP server...
2025-01-07T07:50:00.562Z [INFO]: Connected to FTP server: 51.75.181.181
2025-01-07T07:50:00.563Z [INFO]: Fetching file details from remote directory: /
2025-01-07T07:50:00.568Z [INFO]: Found 174 valid files in /
2025-01-07T07:50:00.568Z [INFO]: FTP connection closed.
2025-01-07T07:50:00.757Z [INFO]: Synchronization process completed successfully.
2025-01-07T08:00:00.799Z [INFO]: Starting synchronization process...
2025-01-07T08:00:00.799Z [INFO]: Connecting to FTP server...
2025-01-07T08:00:00.821Z [INFO]: Connected to FTP server: 51.75.181.181
2025-01-07T08:00:00.821Z [INFO]: Fetching file details from remote directory: /
2025-01-07T08:00:00.829Z [INFO]: Found 174 valid files in /
2025-01-07T08:00:00.829Z [INFO]: FTP connection closed.
2025-01-07T08:00:01.032Z [INFO]: Synchronization process completed successfully.
2025-01-07T08:10:00.080Z [INFO]: Starting synchronization process...
2025-01-07T08:10:00.080Z [INFO]: Connecting to FTP server...
2025-01-07T08:10:00.096Z [INFO]: Connected to FTP server: 51.75.181.181
2025-01-07T08:10:00.096Z [INFO]: Fetching file details from remote directory: /
2025-01-07T08:10:00.104Z [INFO]: Found 174 valid files in /
2025-01-07T08:10:00.104Z [INFO]: FTP connection closed.
2025-01-07T08:10:00.312Z [INFO]: Synchronization process completed successfully.
2025-01-07T08:20:00.366Z [INFO]: Starting synchronization process...
2025-01-07T08:20:00.366Z [INFO]: Connecting to FTP server...
2025-01-07T08:20:00.382Z [INFO]: Connected to FTP server: 51.75.181.181
2025-01-07T08:20:00.382Z [INFO]: Fetching file details from remote directory: /
2025-01-07T08:20:00.392Z [INFO]: Found 174 valid files in /
2025-01-07T08:20:00.392Z [INFO]: FTP connection closed.
2025-01-07T08:20:00.589Z [INFO]: Synchronization process completed successfully.
2025-01-07T08:30:00.614Z [INFO]: Starting synchronization process...
2025-01-07T08:30:00.615Z [INFO]: Connecting to FTP server...
2025-01-07T08:30:00.629Z [INFO]: Connected to FTP server: 51.75.181.181
2025-01-07T08:30:00.629Z [INFO]: Fetching file details from remote directory: /
2025-01-07T08:30:00.637Z [INFO]: Found 174 valid files in /
2025-01-07T08:30:00.637Z [INFO]: FTP connection closed.
2025-01-07T08:30:00.839Z [INFO]: Synchronization process completed successfully.
2025-01-07T08:40:00.880Z [INFO]: Starting synchronization process...
2025-01-07T08:40:00.881Z [INFO]: Connecting to FTP server...
2025-01-07T08:40:00.896Z [INFO]: Connected to FTP server: 51.75.181.181
2025-01-07T08:40:00.896Z [INFO]: Fetching file details from remote directory: /
2025-01-07T08:40:00.900Z [INFO]: Found 174 valid files in /
2025-01-07T08:40:00.900Z [INFO]: FTP connection closed.
2025-01-07T08:40:01.132Z [INFO]: Synchronization process completed successfully.
2025-01-07T08:50:00.110Z [INFO]: Starting synchronization process...
2025-01-07T08:50:00.111Z [INFO]: Connecting to FTP server...
2025-01-07T08:50:00.146Z [INFO]: Connected to FTP server: 51.75.181.181
2025-01-07T08:50:00.146Z [INFO]: Fetching file details from remote directory: /
2025-01-07T08:50:00.160Z [INFO]: Found 174 valid files in /
2025-01-07T08:50:00.160Z [INFO]: FTP connection closed.
2025-01-07T08:50:00.375Z [INFO]: Synchronization process completed successfully.
2025-01-07T09:00:00.363Z [INFO]: Starting synchronization process...
2025-01-07T09:00:00.364Z [INFO]: Connecting to FTP server...
2025-01-07T09:00:00.382Z [INFO]: Connected to FTP server: 51.75.181.181
2025-01-07T09:00:00.382Z [INFO]: Fetching file details from remote directory: /
2025-01-07T09:00:00.391Z [INFO]: Found 174 valid files in /
2025-01-07T09:00:00.391Z [INFO]: FTP connection closed.
2025-01-07T09:00:00.606Z [INFO]: Synchronization process completed successfully.
2025-01-07T09:10:00.628Z [INFO]: Starting synchronization process...
2025-01-07T09:10:00.629Z [INFO]: Connecting to FTP server...
2025-01-07T09:10:00.645Z [INFO]: Connected to FTP server: 51.75.181.181
2025-01-07T09:10:00.645Z [INFO]: Fetching file details from remote directory: /
2025-01-07T09:10:00.654Z [INFO]: Found 174 valid files in /
2025-01-07T09:10:00.654Z [INFO]: FTP connection closed.
2025-01-07T09:10:00.847Z [INFO]: Synchronization process completed successfully.
2025-01-07T09:20:00.885Z [INFO]: Starting synchronization process...
2025-01-07T09:20:00.886Z [INFO]: Connecting to FTP server...
2025-01-07T09:20:00.903Z [INFO]: Connected to FTP server: 51.75.181.181
2025-01-07T09:20:00.903Z [INFO]: Fetching file details from remote directory: /
2025-01-07T09:20:00.911Z [INFO]: Found 174 valid files in /
2025-01-07T09:20:00.912Z [INFO]: FTP connection closed.
2025-01-07T09:20:01.178Z [INFO]: Synchronization process completed successfully.
2025-01-07T09:30:00.168Z [INFO]: Starting synchronization process...
2025-01-07T09:30:00.168Z [INFO]: Connecting to FTP server...
2025-01-07T09:30:00.186Z [INFO]: Connected to FTP server: 51.75.181.181
2025-01-07T09:30:00.186Z [INFO]: Fetching file details from remote directory: /
2025-01-07T09:30:00.190Z [INFO]: Found 174 valid files in /
2025-01-07T09:30:00.190Z [INFO]: FTP connection closed.
2025-01-07T09:30:00.386Z [INFO]: Synchronization process completed successfully.
2025-01-07T09:40:00.396Z [INFO]: Starting synchronization process...
2025-01-07T09:40:00.396Z [INFO]: Connecting to FTP server...
2025-01-07T09:40:00.412Z [INFO]: Connected to FTP server: 51.75.181.181
2025-01-07T09:40:00.412Z [INFO]: Fetching file details from remote directory: /
2025-01-07T09:40:00.416Z [INFO]: Found 174 valid files in /
2025-01-07T09:40:00.416Z [INFO]: FTP connection closed.
2025-01-07T09:40:00.818Z [INFO]: Synchronization process completed successfully.
2025-01-07T09:50:00.621Z [INFO]: Starting synchronization process...
2025-01-07T09:50:00.621Z [INFO]: Connecting to FTP server...
2025-01-07T09:50:00.637Z [INFO]: Connected to FTP server: 51.75.181.181
2025-01-07T09:50:00.637Z [INFO]: Fetching file details from remote directory: /
2025-01-07T09:50:00.641Z [INFO]: Found 174 valid files in /
2025-01-07T09:50:00.641Z [INFO]: FTP connection closed.
2025-01-07T09:50:00.851Z [INFO]: Synchronization process completed successfully.
2025-01-07T10:00:00.857Z [INFO]: Starting synchronization process...
2025-01-07T10:00:00.857Z [INFO]: Connecting to FTP server...
2025-01-07T10:00:00.873Z [INFO]: Connected to FTP server: 51.75.181.181
2025-01-07T10:00:00.873Z [INFO]: Fetching file details from remote directory: /
2025-01-07T10:00:00.879Z [INFO]: Found 175 valid files in /
2025-01-07T10:00:00.879Z [INFO]: FTP connection closed.
2025-01-07T10:00:01.095Z [INFO]: Synchronization process completed successfully.
2025-01-07T10:10:00.098Z [INFO]: Starting synchronization process...
2025-01-07T10:10:00.098Z [INFO]: Connecting to FTP server...
2025-01-07T10:10:00.113Z [INFO]: Connected to FTP server: 51.75.181.181
2025-01-07T10:10:00.113Z [INFO]: Fetching file details from remote directory: /
2025-01-07T10:10:00.117Z [INFO]: Found 175 valid files in /
2025-01-07T10:10:00.117Z [INFO]: FTP connection closed.
2025-01-07T10:10:00.331Z [INFO]: Synchronization process completed successfully.
2025-01-07T10:20:00.332Z [INFO]: Starting synchronization process...
2025-01-07T10:20:00.333Z [INFO]: Connecting to FTP server...
2025-01-07T10:20:00.346Z [INFO]: Connected to FTP server: 51.75.181.181
2025-01-07T10:20:00.346Z [INFO]: Fetching file details from remote directory: /
2025-01-07T10:20:00.350Z [INFO]: Found 175 valid files in /
2025-01-07T10:20:00.351Z [INFO]: FTP connection closed.
2025-01-07T10:20:00.537Z [INFO]: Synchronization process completed successfully.
2025-01-07T10:30:00.629Z [INFO]: Starting synchronization process...
2025-01-07T10:30:00.629Z [INFO]: Connecting to FTP server...
2025-01-07T10:30:00.646Z [INFO]: Connected to FTP server: 51.75.181.181
2025-01-07T10:30:00.646Z [INFO]: Fetching file details from remote directory: /
2025-01-07T10:30:00.654Z [INFO]: Found 175 valid files in /
2025-01-07T10:30:00.654Z [INFO]: FTP connection closed.
2025-01-07T10:30:00.842Z [INFO]: Synchronization process completed successfully.
2025-01-07T10:40:00.874Z [INFO]: Starting synchronization process...
2025-01-07T10:40:00.874Z [INFO]: Connecting to FTP server...
2025-01-07T10:40:00.888Z [INFO]: Connected to FTP server: 51.75.181.181
2025-01-07T10:40:00.888Z [INFO]: Fetching file details from remote directory: /
2025-01-07T10:40:00.896Z [INFO]: Found 175 valid files in /
2025-01-07T10:40:00.896Z [INFO]: FTP connection closed.
2025-01-07T10:40:01.091Z [INFO]: Synchronization process completed successfully.
2025-01-07T10:50:00.117Z [INFO]: Starting synchronization process...
2025-01-07T10:50:00.117Z [INFO]: Connecting to FTP server...
2025-01-07T10:50:00.132Z [INFO]: Connected to FTP server: 51.75.181.181
2025-01-07T10:50:00.132Z [INFO]: Fetching file details from remote directory: /
2025-01-07T10:50:00.141Z [INFO]: Found 175 valid files in /
2025-01-07T10:50:00.141Z [INFO]: FTP connection closed.
2025-01-07T10:50:00.457Z [INFO]: Synchronization process completed successfully.
2025-01-07T11:00:00.346Z [INFO]: Starting synchronization process...
2025-01-07T11:00:00.346Z [INFO]: Connecting to FTP server...
2025-01-07T11:00:00.361Z [INFO]: Connected to FTP server: 51.75.181.181
2025-01-07T11:00:00.361Z [INFO]: Fetching file details from remote directory: /
2025-01-07T11:00:00.368Z [INFO]: Found 176 valid files in /
2025-01-07T11:00:00.368Z [INFO]: FTP connection closed.
2025-01-07T11:00:00.576Z [INFO]: Synchronization process completed successfully.
2025-01-07T11:10:00.570Z [INFO]: Starting synchronization process...
2025-01-07T11:10:00.571Z [INFO]: Connecting to FTP server...
2025-01-07T11:10:00.586Z [INFO]: Connected to FTP server: 51.75.181.181
2025-01-07T11:10:00.586Z [INFO]: Fetching file details from remote directory: /
2025-01-07T11:10:00.591Z [INFO]: Found 176 valid files in /
2025-01-07T11:10:00.591Z [INFO]: FTP connection closed.
2025-01-07T11:10:00.786Z [INFO]: Synchronization process completed successfully.
2025-01-07T11:20:00.826Z [INFO]: Starting synchronization process...
2025-01-07T11:20:00.827Z [INFO]: Connecting to FTP server...
2025-01-07T11:20:00.844Z [INFO]: Connected to FTP server: 51.75.181.181
2025-01-07T11:20:00.844Z [INFO]: Fetching file details from remote directory: /
2025-01-07T11:20:00.853Z [INFO]: Found 176 valid files in /
2025-01-07T11:20:00.853Z [INFO]: FTP connection closed.
2025-01-07T11:20:01.061Z [INFO]: Synchronization process completed successfully.
2025-01-07T11:30:00.077Z [INFO]: Starting synchronization process...
2025-01-07T11:30:00.078Z [INFO]: Connecting to FTP server...
2025-01-07T11:30:00.093Z [INFO]: Connected to FTP server: 51.75.181.181
2025-01-07T11:30:00.093Z [INFO]: Fetching file details from remote directory: /
2025-01-07T11:30:00.098Z [INFO]: Found 176 valid files in /
2025-01-07T11:30:00.098Z [INFO]: FTP connection closed.
2025-01-07T11:30:00.280Z [INFO]: Synchronization process completed successfully.
2025-01-07T11:40:00.312Z [INFO]: Starting synchronization process...
2025-01-07T11:40:00.312Z [INFO]: Connecting to FTP server...
2025-01-07T11:40:00.328Z [INFO]: Connected to FTP server: 51.75.181.181
2025-01-07T11:40:00.328Z [INFO]: Fetching file details from remote directory: /
2025-01-07T11:40:00.337Z [INFO]: Found 176 valid files in /
2025-01-07T11:40:00.337Z [INFO]: FTP connection closed.
2025-01-07T11:40:00.545Z [INFO]: Synchronization process completed successfully.
2025-01-07T11:50:00.545Z [INFO]: Starting synchronization process...
2025-01-07T11:50:00.545Z [INFO]: Connecting to FTP server...
2025-01-07T11:50:00.567Z [INFO]: Connected to FTP server: 51.75.181.181
2025-01-07T11:50:00.567Z [INFO]: Fetching file details from remote directory: /
2025-01-07T11:50:00.576Z [INFO]: Found 174 valid files in /
2025-01-07T11:50:00.576Z [INFO]: FTP connection closed.
2025-01-07T11:50:00.792Z [INFO]: Synchronization process completed successfully.
2025-01-07T12:00:00.779Z [INFO]: Starting synchronization process...
2025-01-07T12:00:00.779Z [INFO]: Connecting to FTP server...
2025-01-07T12:00:00.796Z [INFO]: Connected to FTP server: 51.75.181.181
2025-01-07T12:00:00.796Z [INFO]: Fetching file details from remote directory: /
2025-01-07T12:00:00.802Z [INFO]: Found 175 valid files in /
2025-01-07T12:00:00.803Z [INFO]: FTP connection closed.
2025-01-07T12:00:01.015Z [INFO]: Synchronization process completed successfully.
2025-01-07T12:10:00.066Z [INFO]: Starting synchronization process...
2025-01-07T12:10:00.066Z [INFO]: Connecting to FTP server...
2025-01-07T12:10:00.083Z [INFO]: Connected to FTP server: 51.75.181.181
2025-01-07T12:10:00.083Z [INFO]: Fetching file details from remote directory: /
2025-01-07T12:10:00.089Z [INFO]: Found 175 valid files in /
2025-01-07T12:10:00.089Z [INFO]: FTP connection closed.
2025-01-07T12:10:00.327Z [INFO]: Synchronization process completed successfully.
